2024/09/02 22:50:35 [error] [system.db.CDbCommand] CDbCommand::fetchAll() failed: SQLSTATE[42S02]: Base table or view not found: 1146 Table 'clinic_db.authassignment' doesn't exist. The SQL statement executed was: SELECT *
FROM `AuthAssignment`
WHERE userid=:userid.
in C:\xampp\htdocs\clinic_system\index.php (13)
2024/09/02 22:50:36 [error] [exception.CDbException] CDbException: CDbCommand failed to execute the SQL statement: SQLSTATE[42S02]: Base table or view not found: 1146 Table 'clinic_db.authassignment' doesn't exist. The SQL statement executed was: SELECT *
FROM `AuthAssignment`
WHERE userid=:userid in G:\Arsya_no_Shigoto\myProject\Web\PHP\yii-1.1.29.f89b76.tar\yii-1.1.29.f89b76\framework\db\CDbCommand.php:543
Stack trace:
#0 G:\Arsya_no_Shigoto\myProject\Web\PHP\yii-1.1.29.f89b76.tar\yii-1.1.29.f89b76\framework\db\CDbCommand.php(396): CDbCommand->queryInternal('fetchAll', Array, Array)
#1 G:\Arsya_no_Shigoto\myProject\Web\PHP\yii-1.1.29.f89b76.tar\yii-1.1.29.f89b76\framework\web\auth\CDbAuthManager.php(337): CDbCommand->queryAll()
#2 G:\Arsya_no_Shigoto\myProject\Web\PHP\yii-1.1.29.f89b76.tar\yii-1.1.29.f89b76\framework\web\auth\CDbAuthManager.php(74): CDbAuthManager->getAuthAssignments(NULL)
#3 G:\Arsya_no_Shigoto\myProject\Web\PHP\yii-1.1.29.f89b76.tar\yii-1.1.29.f89b76\framework\web\auth\CWebUser.php(817): CDbAuthManager->checkAccess('admin', NULL, Array)
#4 G:\Arsya_no_Shigoto\myProject\Web\PHP\yii-1.1.29.f89b76.tar\yii-1.1.29.f89b76\framework\web\auth\CAccessControlFilter.php(347): CWebUser->checkAccess('admin')
#5 G:\Arsya_no_Shigoto\myProject\Web\PHP\yii-1.1.29.f89b76.tar\yii-1.1.29.f89b76\framework\web\auth\CAccessControlFilter.php(285): CAccessRule->isRoleMatched(Object(CWebUser))
#6 G:\Arsya_no_Shigoto\myProject\Web\PHP\yii-1.1.29.f89b76.tar\yii-1.1.29.f89b76\framework\web\auth\CAccessControlFilter.php(138): CAccessRule->isUserAllowed(Object(CWebUser), Object(RegionController), Object(CInlineAction), '127.0.0.1', 'GET')
#7 G:\Arsya_no_Shigoto\myProject\Web\PHP\yii-1.1.29.f89b76.tar\yii-1.1.29.f89b76\framework\web\filters\CFilter.php(38): CAccessControlFilter->preFilter(Object(CFilterChain))
#8 G:\Arsya_no_Shigoto\myProject\Web\PHP\yii-1.1.29.f89b76.tar\yii-1.1.29.f89b76\framework\web\CController.php(1148): CFilter->filter(Object(CFilterChain))
#9 G:\Arsya_no_Shigoto\myProject\Web\PHP\yii-1.1.29.f89b76.tar\yii-1.1.29.f89b76\framework\web\filters\CInlineFilter.php(58): CController->filterAccessControl(Object(CFilterChain))
#10 G:\Arsya_no_Shigoto\myProject\Web\PHP\yii-1.1.29.f89b76.tar\yii-1.1.29.f89b76\framework\web\filters\CFilterChain.php(131): CInlineFilter->filter(Object(CFilterChain))
#11 G:\Arsya_no_Shigoto\myProject\Web\PHP\yii-1.1.29.f89b76.tar\yii-1.1.29.f89b76\framework\web\CController.php(291): CFilterChain->run()
#12 G:\Arsya_no_Shigoto\myProject\Web\PHP\yii-1.1.29.f89b76.tar\yii-1.1.29.f89b76\framework\web\CController.php(265): CController->runActionWithFilters(Object(CInlineAction), Array)
#13 G:\Arsya_no_Shigoto\myProject\Web\PHP\yii-1.1.29.f89b76.tar\yii-1.1.29.f89b76\framework\web\CWebApplication.php(282): CController->run('index')
#14 G:\Arsya_no_Shigoto\myProject\Web\PHP\yii-1.1.29.f89b76.tar\yii-1.1.29.f89b76\framework\web\CWebApplication.php(141): CWebApplication->runController('region/index')
#15 G:\Arsya_no_Shigoto\myProject\Web\PHP\yii-1.1.29.f89b76.tar\yii-1.1.29.f89b76\framework\base\CApplication.php(185): CWebApplication->processRequest()
#16 C:\xampp\htdocs\clinic_system\index.php(13): CApplication->run()
#17 {main}
REQUEST_URI=/index.php/region/index
HTTP_REFERER=http://127.0.0.1/
---
2024/09/02 22:51:13 [error] [system.db.CDbCommand] CDbCommand::fetchAll() failed: SQLSTATE[42S02]: Base table or view not found: 1146 Table 'clinic_db.authassignment' doesn't exist. The SQL statement executed was: SELECT *
FROM `AuthAssignment`
WHERE userid=:userid.
in C:\xampp\htdocs\clinic_system\index.php (13)
2024/09/02 22:51:13 [error] [exception.CDbException] CDbException: CDbCommand failed to execute the SQL statement: SQLSTATE[42S02]: Base table or view not found: 1146 Table 'clinic_db.authassignment' doesn't exist. The SQL statement executed was: SELECT *
FROM `AuthAssignment`
WHERE userid=:userid in G:\Arsya_no_Shigoto\myProject\Web\PHP\yii-1.1.29.f89b76.tar\yii-1.1.29.f89b76\framework\db\CDbCommand.php:543
Stack trace:
#0 G:\Arsya_no_Shigoto\myProject\Web\PHP\yii-1.1.29.f89b76.tar\yii-1.1.29.f89b76\framework\db\CDbCommand.php(396): CDbCommand->queryInternal('fetchAll', Array, Array)
#1 G:\Arsya_no_Shigoto\myProject\Web\PHP\yii-1.1.29.f89b76.tar\yii-1.1.29.f89b76\framework\web\auth\CDbAuthManager.php(337): CDbCommand->queryAll()
#2 G:\Arsya_no_Shigoto\myProject\Web\PHP\yii-1.1.29.f89b76.tar\yii-1.1.29.f89b76\framework\web\auth\CDbAuthManager.php(74): CDbAuthManager->getAuthAssignments(NULL)
#3 G:\Arsya_no_Shigoto\myProject\Web\PHP\yii-1.1.29.f89b76.tar\yii-1.1.29.f89b76\framework\web\auth\CWebUser.php(817): CDbAuthManager->checkAccess('admin', NULL, Array)
#4 G:\Arsya_no_Shigoto\myProject\Web\PHP\yii-1.1.29.f89b76.tar\yii-1.1.29.f89b76\framework\web\auth\CAccessControlFilter.php(347): CWebUser->checkAccess('admin')
#5 G:\Arsya_no_Shigoto\myProject\Web\PHP\yii-1.1.29.f89b76.tar\yii-1.1.29.f89b76\framework\web\auth\CAccessControlFilter.php(285): CAccessRule->isRoleMatched(Object(CWebUser))
#6 G:\Arsya_no_Shigoto\myProject\Web\PHP\yii-1.1.29.f89b76.tar\yii-1.1.29.f89b76\framework\web\auth\CAccessControlFilter.php(138): CAccessRule->isUserAllowed(Object(CWebUser), Object(UserController), Object(CInlineAction), '127.0.0.1', 'GET')
#7 G:\Arsya_no_Shigoto\myProject\Web\PHP\yii-1.1.29.f89b76.tar\yii-1.1.29.f89b76\framework\web\filters\CFilter.php(38): CAccessControlFilter->preFilter(Object(CFilterChain))
#8 G:\Arsya_no_Shigoto\myProject\Web\PHP\yii-1.1.29.f89b76.tar\yii-1.1.29.f89b76\framework\web\CController.php(1148): CFilter->filter(Object(CFilterChain))
#9 G:\Arsya_no_Shigoto\myProject\Web\PHP\yii-1.1.29.f89b76.tar\yii-1.1.29.f89b76\framework\web\filters\CInlineFilter.php(58): CController->filterAccessControl(Object(CFilterChain))
#10 G:\Arsya_no_Shigoto\myProject\Web\PHP\yii-1.1.29.f89b76.tar\yii-1.1.29.f89b76\framework\web\filters\CFilterChain.php(131): CInlineFilter->filter(Object(CFilterChain))
#11 G:\Arsya_no_Shigoto\myProject\Web\PHP\yii-1.1.29.f89b76.tar\yii-1.1.29.f89b76\framework\web\CController.php(291): CFilterChain->run()
#12 G:\Arsya_no_Shigoto\myProject\Web\PHP\yii-1.1.29.f89b76.tar\yii-1.1.29.f89b76\framework\web\CController.php(265): CController->runActionWithFilters(Object(CInlineAction), Array)
#13 G:\Arsya_no_Shigoto\myProject\Web\PHP\yii-1.1.29.f89b76.tar\yii-1.1.29.f89b76\framework\web\CWebApplication.php(282): CController->run('index')
#14 G:\Arsya_no_Shigoto\myProject\Web\PHP\yii-1.1.29.f89b76.tar\yii-1.1.29.f89b76\framework\web\CWebApplication.php(141): CWebApplication->runController('user/index')
#15 G:\Arsya_no_Shigoto\myProject\Web\PHP\yii-1.1.29.f89b76.tar\yii-1.1.29.f89b76\framework\base\CApplication.php(185): CWebApplication->processRequest()
#16 C:\xampp\htdocs\clinic_system\index.php(13): CApplication->run()
#17 {main}
REQUEST_URI=/index.php/user/index
HTTP_REFERER=http://127.0.0.1/
---
2024/09/02 22:56:55 [error] [system.db.CDbCommand] CDbCommand::fetchAll() failed: SQLSTATE[42S02]: Base table or view not found: 1146 Table 'clinic_db.authassignment' doesn't exist. The SQL statement executed was: SELECT *
FROM `AuthAssignment`
WHERE userid=:userid.
in C:\xampp\htdocs\clinic_system\index.php (13)
2024/09/02 22:56:55 [error] [exception.CDbException] CDbException: CDbCommand failed to execute the SQL statement: SQLSTATE[42S02]: Base table or view not found: 1146 Table 'clinic_db.authassignment' doesn't exist. The SQL statement executed was: SELECT *
FROM `AuthAssignment`
WHERE userid=:userid in G:\Arsya_no_Shigoto\myProject\Web\PHP\yii-1.1.29.f89b76.tar\yii-1.1.29.f89b76\framework\db\CDbCommand.php:543
Stack trace:
#0 G:\Arsya_no_Shigoto\myProject\Web\PHP\yii-1.1.29.f89b76.tar\yii-1.1.29.f89b76\framework\db\CDbCommand.php(396): CDbCommand->queryInternal('fetchAll', Array, Array)
#1 G:\Arsya_no_Shigoto\myProject\Web\PHP\yii-1.1.29.f89b76.tar\yii-1.1.29.f89b76\framework\web\auth\CDbAuthManager.php(337): CDbCommand->queryAll()
#2 G:\Arsya_no_Shigoto\myProject\Web\PHP\yii-1.1.29.f89b76.tar\yii-1.1.29.f89b76\framework\web\auth\CDbAuthManager.php(74): CDbAuthManager->getAuthAssignments(NULL)
#3 G:\Arsya_no_Shigoto\myProject\Web\PHP\yii-1.1.29.f89b76.tar\yii-1.1.29.f89b76\framework\web\auth\CWebUser.php(817): CDbAuthManager->checkAccess('admin', NULL, Array)
#4 G:\Arsya_no_Shigoto\myProject\Web\PHP\yii-1.1.29.f89b76.tar\yii-1.1.29.f89b76\framework\web\auth\CAccessControlFilter.php(347): CWebUser->checkAccess('admin')
#5 G:\Arsya_no_Shigoto\myProject\Web\PHP\yii-1.1.29.f89b76.tar\yii-1.1.29.f89b76\framework\web\auth\CAccessControlFilter.php(285): CAccessRule->isRoleMatched(Object(CWebUser))
#6 G:\Arsya_no_Shigoto\myProject\Web\PHP\yii-1.1.29.f89b76.tar\yii-1.1.29.f89b76\framework\web\auth\CAccessControlFilter.php(138): CAccessRule->isUserAllowed(Object(CWebUser), Object(RegionController), Object(CInlineAction), '127.0.0.1', 'GET')
#7 G:\Arsya_no_Shigoto\myProject\Web\PHP\yii-1.1.29.f89b76.tar\yii-1.1.29.f89b76\framework\web\filters\CFilter.php(38): CAccessControlFilter->preFilter(Object(CFilterChain))
#8 G:\Arsya_no_Shigoto\myProject\Web\PHP\yii-1.1.29.f89b76.tar\yii-1.1.29.f89b76\framework\web\CController.php(1148): CFilter->filter(Object(CFilterChain))
#9 G:\Arsya_no_Shigoto\myProject\Web\PHP\yii-1.1.29.f89b76.tar\yii-1.1.29.f89b76\framework\web\filters\CInlineFilter.php(58): CController->filterAccessControl(Object(CFilterChain))
#10 G:\Arsya_no_Shigoto\myProject\Web\PHP\yii-1.1.29.f89b76.tar\yii-1.1.29.f89b76\framework\web\filters\CFilterChain.php(131): CInlineFilter->filter(Object(CFilterChain))
#11 G:\Arsya_no_Shigoto\myProject\Web\PHP\yii-1.1.29.f89b76.tar\yii-1.1.29.f89b76\framework\web\CController.php(291): CFilterChain->run()
#12 G:\Arsya_no_Shigoto\myProject\Web\PHP\yii-1.1.29.f89b76.tar\yii-1.1.29.f89b76\framework\web\CController.php(265): CController->runActionWithFilters(Object(CInlineAction), Array)
#13 G:\Arsya_no_Shigoto\myProject\Web\PHP\yii-1.1.29.f89b76.tar\yii-1.1.29.f89b76\framework\web\CWebApplication.php(282): CController->run('index')
#14 G:\Arsya_no_Shigoto\myProject\Web\PHP\yii-1.1.29.f89b76.tar\yii-1.1.29.f89b76\framework\web\CWebApplication.php(141): CWebApplication->runController('region/index')
#15 G:\Arsya_no_Shigoto\myProject\Web\PHP\yii-1.1.29.f89b76.tar\yii-1.1.29.f89b76\framework\base\CApplication.php(185): CWebApplication->processRequest()
#16 C:\xampp\htdocs\clinic_system\index.php(13): CApplication->run()
#17 {main}
REQUEST_URI=/index.php/region/index
HTTP_REFERER=http://127.0.0.1/
---
